<?xml version="1.0" encoding="UTF-8"?>
<testng-results ignored="0" total="3" passed="3" failed="0" skipped="0">
  <reporter-output>
  </reporter-output>
  <suite started-at="2022-10-28T14:25:10 IST" name="Suite" finished-at="2022-10-28T14:25:47 IST" duration-ms="36809">
    <groups>
    </groups>
    <test started-at="2022-10-28T14:25:10 IST" name="Test4" finished-at="2022-10-28T14:25:32 IST" duration-ms="21439">
      <class name="Scripts.Test1">
        <test-method is-config="true" signature="setUp(java.lang.String,java.lang.String,java.lang.String)[pri:0, instance:Scripts.Test1@4310d43]" started-at="2022-10-28T14:25:10 IST" name="setUp" finished-at="2022-10-28T14:25:18 IST" duration-ms="8199" status="PASS">
          <params>
            <param index="0">
              <value>
                <![CDATA[Internet Explorer]]>
              </value>
            </param>
            <param index="1">
              <value>
                <![CDATA[11.0]]>
              </value>
            </param>
            <param index="2">
              <value>
                <![CDATA[Windows 10]]>
              </value>
            </param>
          </params>
          <reporter-output>
          </reporter-output>
        </test-method> <!-- setUp -->
        <test-method signature="test1()[pri:0, instance:Scripts.Test1@4310d43]" started-at="2022-10-28T14:25:24 IST" name="test1" finished-at="2022-10-28T14:25:28 IST" duration-ms="4029" status="PASS">
          <reporter-output>
          </reporter-output>
        </test-method> <!-- test1 -->
        <test-method is-config="true" signature="tearDown()[pri:0, instance:Scripts.Test1@4310d43]" started-at="2022-10-28T14:25:31 IST" name="tearDown" finished-at="2022-10-28T14:25:31 IST" duration-ms="329" status="PASS">
          <reporter-output>
          </reporter-output>
        </test-method> <!-- tearDown -->
      </class> <!-- Scripts.Test1 -->
      <class name="Scripts.Test2">
        <test-method is-config="true" signature="setUp(java.lang.String,java.lang.String,java.lang.String)[pri:0, instance:Scripts.Test2@4659191b]" started-at="2022-10-28T14:25:18 IST" name="setUp" finished-at="2022-10-28T14:25:24 IST" duration-ms="5222" status="PASS">
          <params>
            <param index="0">
              <value>
                <![CDATA[Internet Explorer]]>
              </value>
            </param>
            <param index="1">
              <value>
                <![CDATA[11.0]]>
              </value>
            </param>
            <param index="2">
              <value>
                <![CDATA[Windows 10]]>
              </value>
            </param>
          </params>
          <reporter-output>
          </reporter-output>
        </test-method> <!-- setUp -->
        <test-method signature="test()[pri:0, instance:Scripts.Test2@4659191b]" started-at="2022-10-28T14:25:24 IST" name="test" finished-at="2022-10-28T14:25:31 IST" duration-ms="7347" status="PASS">
          <reporter-output>
          </reporter-output>
        </test-method> <!-- test -->
        <test-method is-config="true" signature="tearDown()[pri:0, instance:Scripts.Test2@4659191b]" started-at="2022-10-28T14:25:31 IST" name="tearDown" finished-at="2022-10-28T14:25:32 IST" duration-ms="318" status="PASS">
          <reporter-output>
          </reporter-output>
        </test-method> <!-- tearDown -->
      </class> <!-- Scripts.Test2 -->
    </test> <!-- Test4 -->
    <test started-at="2022-10-28T14:25:32 IST" name="Test2" finished-at="2022-10-28T14:25:47 IST" duration-ms="15338">
      <class name="Scripts.Test3">
        <test-method is-config="true" signature="setUp(java.lang.String,java.lang.String,java.lang.String)[pri:0, instance:Scripts.Test3@63376bed]" started-at="2022-10-28T14:25:32 IST" name="setUp" finished-at="2022-10-28T14:25:37 IST" duration-ms="5343" status="PASS">
          <params>
            <param index="0">
              <value>
                <![CDATA[Internet Explorer]]>
              </value>
            </param>
            <param index="1">
              <value>
                <![CDATA[11.0]]>
              </value>
            </param>
            <param index="2">
              <value>
                <![CDATA[Windows 10]]>
              </value>
            </param>
          </params>
          <reporter-output>
          </reporter-output>
        </test-method> <!-- setUp -->
        <test-method signature="test()[pri:0, instance:Scripts.Test3@63376bed]" started-at="2022-10-28T14:25:37 IST" name="test" finished-at="2022-10-28T14:25:45 IST" duration-ms="8280" status="PASS">
          <reporter-output>
          </reporter-output>
        </test-method> <!-- test -->
        <test-method is-config="true" signature="afterTest()[pri:0, instance:Scripts.Test3@63376bed]" started-at="2022-10-28T14:25:45 IST" name="afterTest" finished-at="2022-10-28T14:25:47 IST" duration-ms="1713" status="PASS">
          <reporter-output>
          </reporter-output>
        </test-method> <!-- afterTest -->
      </class> <!-- Scripts.Test3 -->
    </test> <!-- Test2 -->
  </suite> <!-- Suite -->
</testng-results>
